#
# There is insufficient memory for the Java Runtime Environment to continue.
# Native memory allocation (mmap) failed to map 197132288 bytes for Failed to commit area from 0x0000000744e00000 to 0x0000000750a00000 of length 197132288.
# Possible reasons:
#   The system is out of physical RAM or swap space
#   The process is running with CompressedOops enabled, and the Java Heap may be blocking the growth of the native heap
# Possible solutions:
#   Reduce memory load on the system
#   Increase physical memory or swap space
#   Check if swap backing store is full
#   Decrease Java heap size (-Xmx/-Xms)
#   Decrease number of Java threads
#   Decrease Java thread stack sizes (-Xss)
#   Set larger code cache with -XX:ReservedCodeCacheSize=
# This output file may be truncated or incomplete.
#
#  Out of Memory Error (c:/BuildAgent/work/5ff2f6c26000d570/src/hotspot/os/windows/os_windows.cpp:3281), pid=17840, tid=13016
#
# JRE version:  (11.0.4+10) (build )
# Java VM: OpenJDK 64-Bit Server VM (11.0.4+10-b520.11, mixed mode, aot, sharing, tiered, compressed oops, g1 gc, windows-amd64)
# No core dump will be written. Minidumps are not enabled by default on client versions of Windows
#

---------------  S U M M A R Y ------------

Command Line: org.jetbrains.git4idea.http.GitAskPassApp Username for 'https://git.miem.hse.ru': 

Host: Intel(R) Core(TM) i7-4700MQ CPU @ 2.40GHz, 8 cores, 11G,  Windows 10 , 64 bit Build 19041 (10.0.19041.804)
Time: Wed Apr  7 16:44:31 2021 RTZ 2 (зима) elapsed time: 0 seconds (0d 0h 0m 0s)

---------------  T H R E A D  ---------------

Current thread (0x00000263c9714000):  JavaThread "Unknown thread" [_thread_in_vm, id=13016, stack(0x0000007122c00000,0x0000007122d00000)]

Stack: [0x0000007122c00000,0x0000007122d00000]
Native frames: (J=compiled Java code, j=interpreted, Vv=VM code, C=native code)
V  [jvm.dll+0x5db21a]
V  [jvm.dll+0x70c4f5]
V  [jvm.dll+0x70da18]
V  [jvm.dll+0x70e0e3]
V  [jvm.dll+0x23de68]
V  [jvm.dll+0x5d8984]
V  [jvm.dll+0x5cda05]
V  [jvm.dll+0x2fa6bb]
V  [jvm.dll+0x2fa62a]
V  [jvm.dll+0x2fa502]
V  [jvm.dll+0x2ff3c6]
V  [jvm.dll+0x3478b3]
V  [jvm.dll+0x347fb6]
V  [jvm.dll+0x3479b3]
V  [jvm.dll+0x2d4f98]
V  [jvm.dll+0x2d6147]
V  [jvm.dll+0x6eb6e7]
V  [jvm.dll+0x6ecedc]
V  [jvm.dll+0x354fe9]
V  [jvm.dll+0x6d35ae]
V  [jvm.dll+0x3bd7e3]
V  [jvm.dll+0x3bfb81]
C  [java.exe+0x3763]
C  [java.exe+0x17a0c]
C  [KERNEL32.DLL+0x17034]
C  [ntdll.dll+0x52651]


---------------  P R O C E S S  ---------------

Threads class SMR info:
_java_thread_list=0x00000263c7d561c0, length=0, elements={
}

Java Threads: ( => current thread )

Other Threads:
  0x00000263c972d000 GCTaskThread "GC Thread#0" [stack: 0x0000007122d00000,0x0000007122e00000] [id=16808]
  0x00000263c9774000 ConcurrentGCThread "G1 Main Marker" [stack: 0x0000007122e00000,0x0000007122f00000] [id=23216]
  0x00000263c9775800 ConcurrentGCThread "G1 Conc#0" [stack: 0x0000007122f00000,0x0000007123000000] [id=18328]

[error occurred during error reporting (printing all threads), id 0xc0000005, EXCEPTION_ACCESS_VIOLATION (0xc0000005) at pc=0x00007fff9a5658a7]

VM state:not at safepoint (not fully initialized)

VM Mutex/Monitor currently owned by a thread:  ([mutex/lock_event])
[0x00000263c9713230] Heap_lock - owner thread: 0x00000263c9714000

Heap address: 0x0000000744e00000, size: 2994 MB, Compressed Oops mode: Non-zero based: 0x0000000744e00000
Narrow klass base: 0x0000000000000000, Narrow klass shift: 0

GC Heap History (0 events):
No events

Deoptimization events (0 events):
No events

Classes redefined (0 events):
No events

Internal exceptions (0 events):
No events

Events (0 events):
No events


Dynamic libraries:
0x00007ff70efa0000 - 0x00007ff70efe7000 	C:\Users\Alexey\AppData\Local\JetBrains\Toolbox\apps\PhpStorm\ch-0\193.5233.101\jbr\bin\java.exe
0x00007fffe1770000 - 0x00007fffe1965000 	C:\WINDOWS\SYSTEM32\ntdll.dll
0x00007fffe15c0000 - 0x00007fffe167d000 	C:\WINDOWS\System32\KERNEL32.DLL
0x00007fffdf500000 - 0x00007fffdf7c9000 	C:\WINDOWS\System32\KERNELBASE.dll
0x00007fffe04b0000 - 0x00007fffe0650000 	C:\WINDOWS\System32\USER32.dll
0x00007fffdeeb0000 - 0x00007fffdeed2000 	C:\WINDOWS\System32\win32u.dll
0x00007fffe0ca0000 - 0x00007fffe0cca000 	C:\WINDOWS\System32\GDI32.dll
0x00007fffdf3a0000 - 0x00007fffdf4ab000 	C:\WINDOWS\System32\gdi32full.dll
0x00007fffdf300000 - 0x00007fffdf39d000 	C:\WINDOWS\System32\msvcp_win.dll
0x00007fffdeff0000 - 0x00007fffdf0f0000 	C:\WINDOWS\System32\ucrtbase.dll
0x00007fffce930000 - 0x00007fffcebca000 	C:\WINDOWS\WinSxS\amd64_microsoft.windows.common-controls_6595b64144ccf1df_6.0.19041.844_none_ca00b6081b84eb1d\COMCTL32.dll
0x00007fffdff90000 - 0x00007fffe002e000 	C:\WINDOWS\System32\msvcrt.dll
0x00007fffe0cd0000 - 0x00007fffe0d00000 	C:\WINDOWS\System32\IMM32.DLL
0x00007fffd93b0000 - 0x00007fffd93c7000 	C:\Users\Alexey\AppData\Local\JetBrains\Toolbox\apps\PhpStorm\ch-0\193.5233.101\jbr\bin\vcruntime140.dll
0x00007fffb08d0000 - 0x00007fffb096d000 	C:\Users\Alexey\AppData\Local\JetBrains\Toolbox\apps\PhpStorm\ch-0\193.5233.101\jbr\bin\msvcp140.dll
0x00007fff9a280000 - 0x00007fff9ad38000 	C:\Users\Alexey\AppData\Local\JetBrains\Toolbox\apps\PhpStorm\ch-0\193.5233.101\jbr\bin\server\jvm.dll
0x00007fffe1460000 - 0x00007fffe150c000 	C:\WINDOWS\System32\ADVAPI32.dll
0x00007fffe1690000 - 0x00007fffe172c000 	C:\WINDOWS\System32\sechost.dll
0x00007fffe0380000 - 0x00007fffe04ab000 	C:\WINDOWS\System32\RPCRT4.dll
0x00007fffe1450000 - 0x00007fffe1458000 	C:\WINDOWS\System32\PSAPI.DLL
0x00007fffd3950000 - 0x00007fffd3977000 	C:\WINDOWS\SYSTEM32\WINMM.dll
0x00007fffd9eb0000 - 0x00007fffd9eb9000 	C:\WINDOWS\SYSTEM32\WSOCK32.dll
0x00007fffd6f30000 - 0x00007fffd6f3a000 	C:\WINDOWS\SYSTEM32\VERSION.dll
0x00007fffe0a20000 - 0x00007fffe0a8b000 	C:\WINDOWS\System32\WS2_32.dll
0x00007fffdd790000 - 0x00007fffdd7a2000 	C:\WINDOWS\SYSTEM32\kernel.appcore.dll
0x00007fffd99b0000 - 0x00007fffd99c1000 	C:\Users\Alexey\AppData\Local\JetBrains\Toolbox\apps\PhpStorm\ch-0\193.5233.101\jbr\bin\verify.dll
0x00007fffcab90000 - 0x00007fffcad74000 	C:\WINDOWS\SYSTEM32\DBGHELP.DLL
0x00007fffca040000 - 0x00007fffca06c000 	C:\WINDOWS\SYSTEM32\dbgcore.DLL
0x00007fffdef40000 - 0x00007fffdefc0000 	C:\WINDOWS\System32\bcryptPrimitives.dll
0x00007fffc7530000 - 0x00007fffc7559000 	C:\Users\Alexey\AppData\Local\JetBrains\Toolbox\apps\PhpStorm\ch-0\193.5233.101\jbr\bin\java.dll
0x00007fffd2100000 - 0x00007fffd2117000 	C:\Users\Alexey\AppData\Local\JetBrains\Toolbox\apps\PhpStorm\ch-0\193.5233.101\jbr\bin\zip.dll
0x00007fffd99a0000 - 0x00007fffd99ab000 	C:\Users\Alexey\AppData\Local\JetBrains\Toolbox\apps\PhpStorm\ch-0\193.5233.101\jbr\bin\jimage.dll

dbghelp: loaded successfully - version: 4.0.5 - missing functions: none
symbol engine: initialized successfully - sym options: 0x614 - pdb path: .;C:\Users\Alexey\AppData\Local\JetBrains\Toolbox\apps\PhpStorm\ch-0\193.5233.101\jbr\bin;C:\WINDOWS\SYSTEM32;C:\WINDOWS\WinSxS\amd64_microsoft.windows.common-controls_6595b64144ccf1df_6.0.19041.844_none_ca00b6081b84eb1d;C:\Users\Alexey\AppData\Local\JetBrains\Toolbox\apps\PhpStorm\ch-0\193.5233.101\jbr\bin\server

VM Arguments:
java_command: org.jetbrains.git4idea.http.GitAskPassApp Username for 'https://git.miem.hse.ru': 
java_class_path (initial): C:/Users/Alexey/AppData/Local/JetBrains/Toolbox/apps/PhpStorm/ch-0/193.5233.101/plugins/git4idea/lib/git4idea-rt.jar;C:/Users/Alexey/AppData/Local/JetBrains/Toolbox/apps/PhpStorm/ch-0/193.5233.101/lib/xmlrpc-2.0.1.jar;C:/Users/Alexey/AppData/Local/JetBrains/Toolbox/apps/PhpStorm/ch-0/193.5233.101/lib/commons-codec-1.13.jar;C:/Users/Alexey/AppData/Local/JetBrains/Toolbox/apps/PhpStorm/ch-0/193.5233.101/lib/util.jar
Launcher Type: SUN_STANDARD

[Global flags]
     intx CICompilerCount                          = 4                                         {product} {ergonomic}
     uint ConcGCThreads                            = 2                                         {product} {ergonomic}
     uint G1ConcRefinementThreads                  = 8                                         {product} {ergonomic}
   size_t G1HeapRegionSize                         = 1048576                                   {product} {ergonomic}
    uintx GCDrainStackTargetSize                   = 64                                        {product} {ergonomic}
   size_t InitialHeapSize                          = 197132288                                 {product} {ergonomic}
   size_t MarkStackSize                            = 4194304                                   {product} {ergonomic}
   size_t MaxHeapSize                              = 3139436544                                {product} {ergonomic}
   size_t MinHeapDeltaBytes                        = 1048576                                   {product} {ergonomic}
    uintx NonNMethodCodeHeapSize                   = 5835340                                {pd product} {ergonomic}
    uintx NonProfiledCodeHeapSize                  = 122911450                              {pd product} {ergonomic}
    uintx ProfiledCodeHeapSize                     = 122911450                              {pd product} {ergonomic}
    uintx ReservedCodeCacheSize                    = 251658240                              {pd product} {ergonomic}
     bool SegmentedCodeCache                       = true                                      {product} {ergonomic}
     bool UseCompressedClassPointers               = true                                 {lp64_product} {ergonomic}
     bool UseCompressedOops                        = true                                 {lp64_product} {ergonomic}
     bool UseG1GC                                  = true                                      {product} {ergonomic}
     bool UseLargePagesIndividualAllocation        = false                                  {pd product} {ergonomic}

Logging:
Log output configuration:
 #0: stdout all=warning uptime,level,tags
 #1: stderr all=off uptime,level,tags

Environment Variables:
PATH=F:\php\Git\mingw64\libexec\git-core;F:\php\Git\mingw64\bin;F:\php\Git\usr\bin;C:\Users\Alexey\bin;C:\Program Files (x86)\Common Files\Oracle\Java\javapath;F:\Oracle\dbhomeXE\bin;C:\Windows\system32;C:\Windows;C:\Windows\System32\Wbem;C:\Windows\System32\WindowsPowerShell\v1.0;C:\Program Files (x86)\Skype\Phone;C:\Program Files (x86)\GtkSharp\2.12\bin;C:\WINDOWS\system32;C:\WINDOWS;C:\WINDOWS\System32\Wbem;C:\WINDOWS\System32\WindowsPowerShell\v1.0;C:\WINDOWS\System32\OpenSSH;C:\Program Files (x86)\NVIDIA Corporation\PhysX\Common;C:\Program Files\NVIDIA Corporation\NVIDIA NvDLISR;C:\WINDOWS\system32;C:\WINDOWS;C:\WINDOWS\System32\Wbem;C:\WINDOWS\System32\WindowsPowerShell\v1.0;C:\WINDOWS\System32\OpenSSH;F:\PuTTY;F:\php;C:\ProgramData\ComposerSetup\bin;F:\masm32\bin;F:\php\Git\cmd;C:\Users\Alexey\nodejs;F:\MATLAB\R2020a\bin;C:\Users\Alexey\AppData\Local\Programs\Python\Python38-32\Scripts;C:\Users\Alexey\AppData\Local\Programs\Python\Python38-32;C:\Users\Alexey\AppData\Local\Programs\Python\Launcher;C:\Users\Алексей\AppData\Local\Programs\Python\Python36-32\Scripts;C:\Users\Алексей\AppData\Local\Programs\Python\Python36-32;C:\Users\Alexey\AppData\Local\Microsoft\WindowsApps;C:\Program Files\Microsoft VS Code\bin;C:\Program Files\JetBrains\PyCharm Community Edition 2018.3.4\bin;F:\PhpStorm 2019.2.2\bin;C:\Users\Alexey\AppData\Roaming\Composer\vendor\bin;C:\Program Files\JetBrains\PyCharm 2020.2.3\bin;C:\Users\Alexey\AppData\Roaming\npm
USERNAME=Alexey
DISPLAY=:0.0
OS=Windows_NT
PROCESSOR_IDENTIFIER=Intel64 Family 6 Model 60 Stepping 3, GenuineIntel



---------------  S Y S T E M  ---------------

OS: Windows 10 , 64 bit Build 19041 (10.0.19041.804)

CPU:total 8 (initial active 8) (4 cores per cpu, 2 threads per core) family 6 model 60 stepping 3, cmov, cx8, fxsr, mmx, sse, sse2, sse3, ssse3, sse4.1, sse4.2, popcnt, avx, avx2, aes, clmul, erms, lzcnt, ht, tsc, tscinvbit, bmi1, bmi2, fma

Memory: 4k page, system-wide physical 11974M (2086M free)
TotalPageFile size 23797M (AvailPageFile size 181M)
current process WorkingSet (physical memory assigned to process): 9M, peak: 9M
current process commit charge ("private bytes"): 60M, peak: 248M

vm_info: OpenJDK 64-Bit Server VM (11.0.4+10-b520.11) for windows-amd64 JRE (11.0.4+10-b520.11), built on Nov 16 2019 04:35:14 by "" with MS VC++ 14.0 (VS2015)

END.
